[2020-04-21 22:44:17] local.ERROR: There are no commands defined in the "apidoc" namespace. {"exception":"[object] (Symfony\\Component\\Console\\Exception\\NamespaceNotFoundException(code: 0): There are no commands defined in the \"apidoc\" namespace. at /Users/bryceschmisseur/Documents/CST-256/workspace/JobMatchProject/vendor/symfony/console/Application.php:598)
[stacktrace]
#0 /Users/bryceschmisseur/Documents/CST-256/workspace/JobMatchProject/vendor/symfony/console/Application.php(651): Symfony\\Component\\Console\\Application->findNamespace('apidoc')
#1 /Users/bryceschmisseur/Documents/CST-256/workspace/JobMatchProject/vendor/symfony/console/Application.php(236): Symfony\\Component\\Console\\Application->find('apidoc:generate')
#2 /Users/bryceschmisseur/Documents/CST-256/workspace/JobMatchProject/vendor/symfony/console/Application.php(148): Symfony\\Component\\Console\\Application->doRun(Object(Symfony\\Component\\Console\\Input\\ArgvInput), Object(Symfony\\Component\\Console\\Output\\ConsoleOutput))
#3 /Users/bryceschmisseur/Documents/CST-256/workspace/JobMatchProject/vendor/laravel/framework/src/Illuminate/Console/Application.php(90): Symfony\\Component\\Console\\Application->run(Object(Symfony\\Component\\Console\\Input\\ArgvInput), Object(Symfony\\Component\\Console\\Output\\ConsoleOutput))
#4 /Users/bryceschmisseur/Documents/CST-256/workspace/JobMatchProject/vendor/laravel/framework/src/Illuminate/Foundation/Console/Kernel.php(133): Illuminate\\Console\\Application->run(Object(Symfony\\Component\\Console\\Input\\ArgvInput), Object(Symfony\\Component\\Console\\Output\\ConsoleOutput))
#5 /Users/bryceschmisseur/Documents/CST-256/workspace/JobMatchProject/artisan(37): Illuminate\\Foundation\\Console\\Kernel->handle(Object(Symfony\\Component\\Console\\Input\\ArgvInput), Object(Symfony\\Component\\Console\\Output\\ConsoleOutput))
#6 {main}
"} 
[2020-04-21 22:45:21] local.ERROR: Command "route:docs" is not defined.

Did you mean one of these?
    route:cache
    route:clear
    route:list {"exception":"[object] (Symfony\\Component\\Console\\Exception\\CommandNotFoundException(code: 0): Command \"route:docs\" is not defined.

Did you mean one of these?
    route:cache
    route:clear
    route:list at /Users/bryceschmisseur/Documents/CST-256/workspace/JobMatchProject/vendor/symfony/console/Application.php:670)
[stacktrace]
#0 /Users/bryceschmisseur/Documents/CST-256/workspace/JobMatchProject/vendor/symfony/console/Application.php(236): Symfony\\Component\\Console\\Application->find('route:docs')
#1 /Users/bryceschmisseur/Documents/CST-256/workspace/JobMatchProject/vendor/symfony/console/Application.php(148): Symfony\\Component\\Console\\Application->doRun(Object(Symfony\\Component\\Console\\Input\\ArgvInput), Object(Symfony\\Component\\Console\\Output\\ConsoleOutput))
#2 /Users/bryceschmisseur/Documents/CST-256/workspace/JobMatchProject/vendor/laravel/framework/src/Illuminate/Console/Application.php(90): Symfony\\Component\\Console\\Application->run(Object(Symfony\\Component\\Console\\Input\\ArgvInput), Object(Symfony\\Component\\Console\\Output\\ConsoleOutput))
#3 /Users/bryceschmisseur/Documents/CST-256/workspace/JobMatchProject/vendor/laravel/framework/src/Illuminate/Foundation/Console/Kernel.php(133): Illuminate\\Console\\Application->run(Object(Symfony\\Component\\Console\\Input\\ArgvInput), Object(Symfony\\Component\\Console\\Output\\ConsoleOutput))
#4 /Users/bryceschmisseur/Documents/CST-256/workspace/JobMatchProject/artisan(37): Illuminate\\Foundation\\Console\\Kernel->handle(Object(Symfony\\Component\\Console\\Input\\ArgvInput), Object(Symfony\\Component\\Console\\Output\\ConsoleOutput))
#5 {main}
"} 
